2024-07-28 16:04:36.033 [info] Log level: Info
2024-07-28 16:04:36.033 [info] Validating found git in: "git"
2024-07-28 16:04:36.033 [info] Using git "2.45.2" from "git"
2024-07-28 16:04:36.033 [info] > git rev-parse --show-toplevel [2ms]
2024-07-28 16:04:36.033 [info] fatal: not a git repository (or any parent up to mount point /)
Stopping at filesystem boundary (GIT_DISCOVERY_ACROSS_FILESYSTEM not set).
2024-07-28 16:11:39.351 [info] > git rev-parse --show-toplevel [2ms]
2024-07-28 16:11:39.351 [info] fatal: not a git repository (or any parent up to mount point /)
Stopping at filesystem boundary (GIT_DISCOVERY_ACROSS_FILESYSTEM not set).
2024-07-28 16:12:35.380 [info] > git rev-parse --show-toplevel [2ms]
2024-07-28 16:12:35.380 [info] fatal: not a git repository (or any parent up to mount point /)
Stopping at filesystem boundary (GIT_DISCOVERY_ACROSS_FILESYSTEM not set).
2024-07-28 16:12:49.962 [info] > git rev-parse --show-toplevel [2ms]
2024-07-28 16:12:49.962 [info] fatal: not a git repository (or any parent up to mount point /)
Stopping at filesystem boundary (GIT_DISCOVERY_ACROSS_FILESYSTEM not set).
2024-07-28 16:13:12.527 [info] > git rev-parse --show-toplevel [2ms]
2024-07-28 16:13:12.527 [info] fatal: not a git repository (or any parent up to mount point /)
Stopping at filesystem boundary (GIT_DISCOVERY_ACROSS_FILESYSTEM not set).
2024-07-28 16:13:26.020 [info] > git rev-parse --show-toplevel [2ms]
2024-07-28 16:13:26.020 [info] fatal: not a git repository (or any parent up to mount point /)
Stopping at filesystem boundary (GIT_DISCOVERY_ACROSS_FILESYSTEM not set).
2024-07-28 16:42:44.812 [info] > git rev-parse --show-toplevel [2ms]
2024-07-28 16:42:44.812 [info] fatal: not a git repository (or any parent up to mount point /)
Stopping at filesystem boundary (GIT_DISCOVERY_ACROSS_FILESYSTEM not set).
